<?xml version="1.0" encoding="UTF-8"?>
<!-- Generated by org.testng.reporters.JUnitXMLReporter -->
<testsuite ignored="0" hostname="DESKTOP-1MD18DL" failures="3" tests="10" name="Test" time="96.586" errors="0" timestamp="2026-02-19T16:10:32 IST">
  <testcase classname="com.blazedemo.tests.FlightBookingTest" name="bookFlight" time="8.723"/>
  <testcase classname="com.blazedemo.tests.TC01VerifyHomePageLoadsAndDropdownVisible" name="testHomePageLoadsAndDropdownVisible" time="0.19"/>
  <testcase classname="com.blazedemo.tests.TC02SearchFlightWithValidCities" name="searchFlightTest" time="1.726"/>
  <testcase classname="com.blazedemo.tests.TC03CompleteFlightBooking" name="testcompleteBooking" time="5.85"/>
  <testcase classname="com.blazedemo.tests.TC04FlightBookingDataDrivenTest" name="testBookingBydataDriven" time="5.954"/>
  <testcase classname="com.blazedemo.tests.TC04FlightBookingDataDrivenTest" name="testBookingBydataDriven" time="5.341"/>
  <testcase classname="com.blazedemo.tests.TC04FlightBookingDataDrivenTest" name="testBookingBydataDriven" time="5.21"/>
  <testcase classname="com.blazedemo.tests.TC05BlankCreditCard" name="testBlankCreditcard" time="15.389">
    <failure type="java.lang.AssertionError" message="BUG: Booking succeeded even with blank credit card details expected [false] but found [true]">
      <![CDATA[java.lang.AssertionError: BUG: Booking succeeded even with blank credit card details expected [false] but found [true]
at com.blazedemo.tests.TC05BlankCreditCard.testBlankCreditcard(TC05BlankCreditCard.java:56)
at java.base/java.util.ArrayList.forEach(ArrayList.java:1596)
... Removed 28 stack frames]]>
    </failure>
  </testcase> <!-- testBlankCreditcard -->
  <testcase classname="com.blazedemo.tests.TC06InvalidCreditCardCharacter" name="testInvalidCardCharaters" time="6.062">
    <failure type="java.lang.AssertionError" message="BUG: Booking succeeded even with invalid card Charaters expected [false] but found [true]">
      <![CDATA[java.lang.AssertionError: BUG: Booking succeeded even with invalid card Charaters expected [false] but found [true]
at com.blazedemo.tests.TC06InvalidCreditCardCharacter.testInvalidCardCharaters(TC06InvalidCreditCardCharacter.java:57)
at java.base/java.util.ArrayList.forEach(ArrayList.java:1596)
... Removed 28 stack frames]]>
    </failure>
  </testcase> <!-- testInvalidCardCharaters -->
  <testcase classname="com.blazedemo.tests.TC07SameDepartAndDestinCity" name="testSameDepartAndDestination" time="0.251">
    <failure type="java.lang.AssertionError" message="Paris not available in destination dropdown expected [true] but found [false]">
      <![CDATA[java.lang.AssertionError: Paris not available in destination dropdown expected [true] but found [false]
at com.blazedemo.tests.TC07SameDepartAndDestinCity.testSameDepartAndDestination(TC07SameDepartAndDestinCity.java:18)
at java.base/java.util.ArrayList.forEach(ArrayList.java:1596)
... Removed 28 stack frames]]>
    </failure>
  </testcase> <!-- testSameDepartAndDestination -->
</testsuite> <!-- Test -->
