<?xml version="1.0" encoding="UTF-8"?>
<!-- Generated by org.testng.reporters.JUnitXMLReporter -->
<testsuite ignored="0" hostname="DESKTOP-1MD18DL" failures="1" tests="1" name="Test(failed)" time="4.194" errors="0" timestamp="2026-02-16T22:24:24 IST">
  <testcase classname="com.blazedemo.tests.TC07SameDepartAndDestinCity" name="testSameDepartAndDestination" time="0.309">
    <failure type="java.lang.AssertionError" message="Paris not available in destination dropdown expected [true] but found [false]">
      <![CDATA[java.lang.AssertionError: Paris not available in destination dropdown expected [true] but found [false]
at com.blazedemo.tests.TC07SameDepartAndDestinCity.testSameDepartAndDestination(TC07SameDepartAndDestinCity.java:18)
at java.base/java.util.ArrayList.forEach(ArrayList.java:1596)
... Removed 28 stack frames]]>
    </failure>
  </testcase> <!-- testSameDepartAndDestination -->
</testsuite> <!-- Test(failed) -->
