<?xml version="1.0" encoding="UTF-8"?>
<testsuite xmlns:xsi="http://www.w3.org/2001/XMLSchema-instance" xsi:noNamespaceSchemaLocation="https://maven.apache.org/surefire/maven-surefire-plugin/xsd/surefire-test-report-3.0.xsd" version="3.0" name="TestSuite" time="96.838" tests="10" errors="0" skipped="0" failures="5">
  <properties>
[...]
</properties>
  <testcase name="bookFlight" classname="com.blazedemo.tests.FlightBookingTest" time="6.039">
    <system-out><![CDATA[15:52:26.209 [main] INFO  com.blazedemo.tests.FlightBookingTest - Browser launched and application opened
15:52:26.222 [main] INFO  com.blazedemo.tests.FlightBookingTest - Running on OS: Windows-11 Browser: chrome
15:52:26.273 [main] INFO  com.blazedemo.tests.FlightBookingTest - Starting flight booking test
15:52:26.370 [main] INFO  com.blazedemo.tests.FlightBookingTest - Selecting cities
15:52:27.328 [main] INFO  com.blazedemo.tests.FlightBookingTest - Searching flights
15:52:27.978 [main] INFO  com.blazedemo.tests.FlightBookingTest - Choosing flight
15:52:28.096 [main] INFO  com.blazedemo.tests.FlightBookingTest - Entering passenger details
15:52:31.455 [main] INFO  com.blazedemo.tests.FlightBookingTest - Submitting purchase
15:52:32.236 [main] INFO  com.blazedemo.tests.FlightBookingTest - Verifying booking success
15:52:32.286 [main] INFO  com.blazedemo.tests.FlightBookingTest - Flight booking test PASSED
]]></system-out>
    <system-err><![CDATA[Feb 19, 2026 3:52:24 PM org.openqa.selenium.devtools.CdpVersionFinder findNearestMatch
WARNING: Unable to find an exact match for CDP version 145, returning the closest version; found: 144; Please update to a Selenium version that supports CDP version 145
]]></system-err>
  </testcase>
  <testcase name="testHomePageLoadsAndDropdownVisible" classname="com.blazedemo.tests.TC01VerifyHomePageLoadsAndDropdownVisible" time="0.177">
    <system-out><![CDATA[15:52:32.582 [main] INFO  com.blazedemo.tests.FlightBookingTest - Browser closed
15:52:36.425 [main] INFO  com.blazedemo.tests.TC01VerifyHomePageLoadsAndDropdownVisible - Browser launched and application opened
15:52:36.425 [main] INFO  com.blazedemo.tests.TC01VerifyHomePageLoadsAndDropdownVisible - Running on OS: Windows-11 Browser: chrome
15:52:36.425 [main] INFO  com.blazedemo.tests.TC01VerifyHomePageLoadsAndDropdownVisible - Starting HomePage and Dropdown load test
15:52:36.430 [main] INFO  com.blazedemo.tests.TC01VerifyHomePageLoadsAndDropdownVisible - Home page Loaded
15:52:36.492 [main] INFO  com.blazedemo.tests.TC01VerifyHomePageLoadsAndDropdownVisible - Cities Dropdowns visible
15:52:36.605 [main] INFO  com.blazedemo.tests.TC01VerifyHomePageLoadsAndDropdownVisible - Completed HomePage and Dropdown load test
]]></system-out>
    <system-err><![CDATA[Feb 19, 2026 3:52:33 PM org.openqa.selenium.devtools.CdpVersionFinder findNearestMatch
WARNING: Unable to find an exact match for CDP version 145, returning the closest version; found: 144; Please update to a Selenium version that supports CDP version 145
]]></system-err>
  </testcase>
  <testcase name="searchFlightTest" classname="com.blazedemo.tests.TC02SearchFlightWithValidCities" time="1.71">
    <system-out><![CDATA[15:52:36.811 [main] INFO  com.blazedemo.tests.TC01VerifyHomePageLoadsAndDropdownVisible - Browser closed
15:52:39.047 [main] INFO  com.blazedemo.tests.TC02SearchFlightWithValidCities - Browser launched and application opened
15:52:39.047 [main] INFO  com.blazedemo.tests.TC02SearchFlightWithValidCities - Running on OS: Windows-11 Browser: chrome
15:52:39.052 [main] INFO  com.blazedemo.tests.TC02SearchFlightWithValidCities - Selecting departure and destination cities
15:52:39.772 [main] INFO  com.blazedemo.tests.TC02SearchFlightWithValidCities - Clicking Find Flights
]]></system-out>
    <system-err><![CDATA[Feb 19, 2026 3:52:37 PM org.openqa.selenium.devtools.CdpVersionFinder findNearestMatch
WARNING: Unable to find an exact match for CDP version 145, returning the closest version; found: 144; Please update to a Selenium version that supports CDP version 145
]]></system-err>
  </testcase>
  <testcase name="testcompleteBooking" classname="com.blazedemo.tests.TC03CompleteFlightBooking" time="5.662">
    <system-out><![CDATA[15:52:40.979 [main] INFO  com.blazedemo.tests.TC02SearchFlightWithValidCities - Browser closed
15:52:44.345 [main] INFO  com.blazedemo.tests.TC03CompleteFlightBooking - Browser launched and application opened
15:52:44.345 [main] INFO  com.blazedemo.tests.TC03CompleteFlightBooking - Running on OS: Windows-11 Browser: chrome
15:52:44.345 [main] INFO  com.blazedemo.tests.TC03CompleteFlightBooking - Starting flight booking test
15:52:44.345 [main] INFO  com.blazedemo.tests.TC03CompleteFlightBooking - Selecting cities
15:52:44.961 [main] INFO  com.blazedemo.tests.TC03CompleteFlightBooking - Searching flights
15:52:45.954 [main] INFO  com.blazedemo.tests.TC03CompleteFlightBooking - Choosing flight
15:52:46.686 [main] INFO  com.blazedemo.tests.TC03CompleteFlightBooking - Entering passenger details
15:52:49.256 [main] INFO  com.blazedemo.tests.TC03CompleteFlightBooking - Submitting purchase
15:52:49.405 [main] INFO  com.blazedemo.tests.TC03CompleteFlightBooking - Verifying booking success
15:52:50.007 [main] INFO  com.blazedemo.tests.TC03CompleteFlightBooking - Flight booking test PASSED
]]></system-out>
    <system-err><![CDATA[Feb 19, 2026 3:52:42 PM org.openqa.selenium.devtools.CdpVersionFinder findNearestMatch
WARNING: Unable to find an exact match for CDP version 145, returning the closest version; found: 144; Please update to a Selenium version that supports CDP version 145
]]></system-err>
  </testcase>
  <testcase name="testBookingBydataDriven[Sam, kakrola, Delhi, NewDelhi, 342345, American Express, 34579024467, 8, 2027, Sam smith](1)" classname="com.blazedemo.tests.TC04FlightBookingDataDrivenTest" time="5.869">
    <system-out><![CDATA[15:52:50.265 [main] INFO  com.blazedemo.tests.TC03CompleteFlightBooking - Browser closed
15:52:52.599 [main] INFO  com.blazedemo.tests.TC04FlightBookingDataDrivenTest - Browser launched and application opened
15:52:52.601 [main] INFO  com.blazedemo.tests.TC04FlightBookingDataDrivenTest - Running on OS: Windows-11 Browser: chrome
15:52:55.350 [main] INFO  com.blazedemo.tests.TC04FlightBookingDataDrivenTest - Starting flight booking test
15:52:55.350 [main] INFO  com.blazedemo.tests.TC04FlightBookingDataDrivenTest - Selecting cities
15:52:56.171 [main] INFO  com.blazedemo.tests.TC04FlightBookingDataDrivenTest - Searching flights
15:52:57.109 [main] INFO  com.blazedemo.tests.TC04FlightBookingDataDrivenTest - Choosing flight
15:52:57.225 [main] INFO  com.blazedemo.tests.TC04FlightBookingDataDrivenTest - Entering passenger details
15:53:00.394 [main] INFO  com.blazedemo.tests.TC04FlightBookingDataDrivenTest - Submitting purchase
15:53:01.173 [main] INFO  com.blazedemo.tests.TC04FlightBookingDataDrivenTest - Verifying booking success
15:53:01.215 [main] INFO  com.blazedemo.tests.TC04FlightBookingDataDrivenTest - Flight booking test PASSED
]]></system-out>
    <system-err><![CDATA[Feb 19, 2026 3:52:51 PM org.openqa.selenium.devtools.CdpVersionFinder findNearestMatch
WARNING: Unable to find an exact match for CDP version 145, returning the closest version; found: 144; Please update to a Selenium version that supports CDP version 145
]]></system-err>
  </testcase>
  <testcase name="testBookingBydataDriven[Alice, Sohna, Gurugram, Haryana, 341209, Visa, 67548202767, 9, 2028, Alice](2)" classname="com.blazedemo.tests.TC04FlightBookingDataDrivenTest" time="10.284">
    <failure message="Test failed due to exception: no such element: Unable to locate element: {&quot;method&quot;:&quot;xpath&quot;,&quot;selector&quot;:&quot;//select[@name=&apos;fromPort&apos;]&quot;}&#10;  (Session info: chrome=145.0.7632.77)&#10;For documentation on this error, please visit: https://www.selenium.dev/documentation/webdriver/troubleshooting/errors#nosuchelementexception&#10;Build info: version: &apos;4.40.0&apos;, revision: &apos;b3333f1&apos;&#10;System info: os.name: &apos;Windows 11&apos;, os.arch: &apos;amd64&apos;, os.version: &apos;10.0&apos;, java.version: &apos;21.0.7&apos;&#10;Driver info: org.openqa.selenium.chrome.ChromeDriver&#10;Command: [29aca891999030f7d4759fa998561d4c, findElement {using=xpath, value=//select[@name=&apos;fromPort&apos;]}]&#10;Capabilities {acceptInsecureCerts: false, browserName: chrome, browserVersion: 145.0.7632.77, chrome: {chromedriverVersion: 145.0.7632.77 (da516187054a..., userDataDir: C:\Users\Dell\AppData\Local...}, fedcm:accounts: true, goog:chromeOptions: {debuggerAddress: localhost:52142}, goog:processID: 13188, networkConnectionEnabled: false, pageLoadStrategy: normal, platformName: windows, proxy: Proxy(), se:cdp: ws://localhost:52142/devtoo..., se:cdpVersion: 145.0.7632.77, setWindowRect: true, strictFileInteractability: false, timeouts: {implicit: 0, pageLoad: 300000, script: 30000}, unhandledPromptBehavior: dismiss and notify, webauthn:extension:credBlob: true, webauthn:extension:largeBlob: true, webauthn:extension:minPinLength: true, webauthn:extension:prf: true, webauthn:virtualAuthenticators: true}&#10;Session ID: 29aca891999030f7d4759fa998561d4c" type="java.lang.AssertionError"><![CDATA[java.lang.AssertionError: 
Test failed due to exception: no such element: Unable to locate element: {"method":"xpath","selector":"//select[@name='fromPort']"}
  (Session info: chrome=145.0.7632.77)
For documentation on this error, please visit: https://www.selenium.dev/documentation/webdriver/troubleshooting/errors#nosuchelementexception
Build info: version: '4.40.0', revision: 'b3333f1'
System info: os.name: 'Windows 11', os.arch: 'amd64', os.version: '10.0', java.version: '21.0.7'
Driver info: org.openqa.selenium.chrome.ChromeDriver
Command: [29aca891999030f7d4759fa998561d4c, findElement {using=xpath, value=//select[@name='fromPort']}]
Capabilities {acceptInsecureCerts: false, browserName: chrome, browserVersion: 145.0.7632.77, chrome: {chromedriverVersion: 145.0.7632.77 (da516187054a..., userDataDir: C:\Users\Dell\AppData\Local...}, fedcm:accounts: true, goog:chromeOptions: {debuggerAddress: localhost:52142}, goog:processID: 13188, networkConnectionEnabled: false, pageLoadStrategy: normal, platformName: windows, proxy: Proxy(), se:cdp: ws://localhost:52142/devtoo..., se:cdpVersion: 145.0.7632.77, setWindowRect: true, strictFileInteractability: false, timeouts: {implicit: 0, pageLoad: 300000, script: 30000}, unhandledPromptBehavior: dismiss and notify, webauthn:extension:credBlob: true, webauthn:extension:largeBlob: true, webauthn:extension:minPinLength: true, webauthn:extension:prf: true, webauthn:virtualAuthenticators: true}
Session ID: 29aca891999030f7d4759fa998561d4c
	at org.testng.Assert.fail(Assert.java:111)
	at com.blazedemo.tests.TC04FlightBookingDataDrivenTest.testBookingBydataDriven(TC04FlightBookingDataDrivenTest.java:70)
	at java.base/jdk.internal.reflect.DirectMethodHandleAccessor.invoke(DirectMethodHandleAccessor.java:103)
	at java.base/java.lang.reflect.Method.invoke(Method.java:580)
	at org.testng.internal.invokers.MethodInvocationHelper.invokeMethod(MethodInvocationHelper.java:141)
	at org.testng.internal.invokers.TestInvoker.invokeMethod(TestInvoker.java:687)
	at org.testng.internal.invokers.TestInvoker.invokeTestMethod(TestInvoker.java:230)
	at org.testng.internal.invokers.MethodRunner.runInSequence(MethodRunner.java:63)
	at org.testng.internal.invokers.TestInvoker$MethodInvocationAgent.invoke(TestInvoker.java:995)
	at org.testng.internal.invokers.TestInvoker.invokeTestMethods(TestInvoker.java:203)
	at org.testng.internal.invokers.TestMethodWorker.invokeTestMethods(TestMethodWorker.java:154)
	at org.testng.internal.invokers.TestMethodWorker.run(TestMethodWorker.java:134)
	at java.base/java.util.ArrayList.forEach(ArrayList.java:1596)
	at org.testng.TestRunner.privateRun(TestRunner.java:741)
	at org.testng.TestRunner.run(TestRunner.java:616)
	at org.testng.SuiteRunner.runTest(SuiteRunner.java:421)
	at org.testng.SuiteRunner.runSequentially(SuiteRunner.java:413)
	at org.testng.SuiteRunner.privateRun(SuiteRunner.java:373)
	at org.testng.SuiteRunner.run(SuiteRunner.java:312)
	at org.testng.SuiteRunnerWorker.runSuite(SuiteRunnerWorker.java:52)
	at org.testng.SuiteRunnerWorker.run(SuiteRunnerWorker.java:95)
	at org.testng.TestNG.runSuitesSequentially(TestNG.java:1274)
	at org.testng.TestNG.runSuitesLocally(TestNG.java:1208)
	at org.testng.TestNG.runSuites(TestNG.java:1112)
	at org.testng.TestNG.run(TestNG.java:1079)
	at org.apache.maven.surefire.testng.TestNGExecutor.run(TestNGExecutor.java:308)
	at org.apache.maven.surefire.testng.TestNGXmlTestSuite.execute(TestNGXmlTestSuite.java:71)
	at org.apache.maven.surefire.testng.TestNGProvider.invoke(TestNGProvider.java:113)
	at org.apache.maven.surefire.booter.ForkedBooter.runSuitesInProcess(ForkedBooter.java:385)
	at org.apache.maven.surefire.booter.ForkedBooter.execute(ForkedBooter.java:162)
	at org.apache.maven.surefire.booter.ForkedBooter.run(ForkedBooter.java:507)
	at org.apache.maven.surefire.booter.ForkedBooter.main(ForkedBooter.java:495)
]]></failure>
    <system-out><![CDATA[15:53:01.220 [main] INFO  com.blazedemo.tests.TC04FlightBookingDataDrivenTest - Starting flight booking test
15:53:01.222 [main] INFO  com.blazedemo.tests.TC04FlightBookingDataDrivenTest - Selecting cities
15:53:11.307 [main] ERROR com.blazedemo.tests.TC04FlightBookingDataDrivenTest - Flight booking test FAILED
org.openqa.selenium.NoSuchElementException: no such element: Unable to locate element: {"method":"xpath","selector":"//select[@name='fromPort']"}
  (Session info: chrome=145.0.7632.77)
For documentation on this error, please visit: https://www.selenium.dev/documentation/webdriver/troubleshooting/errors#nosuchelementexception
Build info: version: '4.40.0', revision: 'b3333f1'
System info: os.name: 'Windows 11', os.arch: 'amd64', os.version: '10.0', java.version: '21.0.7'
Driver info: org.openqa.selenium.chrome.ChromeDriver
Command: [29aca891999030f7d4759fa998561d4c, findElement {using=xpath, value=//select[@name='fromPort']}]
Capabilities {acceptInsecureCerts: false, browserName: chrome, browserVersion: 145.0.7632.77, chrome: {chromedriverVersion: 145.0.7632.77 (da516187054a..., userDataDir: C:\Users\Dell\AppData\Local...}, fedcm:accounts: true, goog:chromeOptions: {debuggerAddress: localhost:52142}, goog:processID: 13188, networkConnectionEnabled: false, pageLoadStrategy: normal, platformName: windows, proxy: Proxy(), se:cdp: ws://localhost:52142/devtoo..., se:cdpVersion: 145.0.7632.77, setWindowRect: true, strictFileInteractability: false, timeouts: {implicit: 0, pageLoad: 300000, script: 30000}, unhandledPromptBehavior: dismiss and notify, webauthn:extension:credBlob: true, webauthn:extension:largeBlob: true, webauthn:extension:minPinLength: true, webauthn:extension:prf: true, webauthn:virtualAuthenticators: true}
Session ID: 29aca891999030f7d4759fa998561d4c
	at org.openqa.selenium.remote.ErrorCodec.decode(ErrorCodec.java:169)
	at org.openqa.selenium.remote.codec.w3c.W3CHttpResponseCodec.decode(W3CHttpResponseCodec.java:142)
	at org.openqa.selenium.remote.codec.w3c.W3CHttpResponseCodec.decode(W3CHttpResponseCodec.java:49)
	at org.openqa.selenium.remote.HttpCommandExecutor.execute(HttpCommandExecutor.java:223)
	at org.openqa.selenium.remote.service.DriverCommandExecutor.invokeExecute(DriverCommandExecutor.java:216)
	at org.openqa.selenium.remote.service.DriverCommandExecutor.execute(DriverCommandExecutor.java:174)
	at org.openqa.selenium.remote.RemoteWebDriver.execute(RemoteWebDriver.java:601)
	at org.openqa.selenium.remote.ElementLocation$ElementFinder$2.findElement(ElementLocation.java:166)
	at org.openqa.selenium.remote.ElementLocation.findElement(ElementLocation.java:60)
	at org.openqa.selenium.remote.RemoteWebDriver.findElement(RemoteWebDriver.java:424)
	at org.openqa.selenium.remote.RemoteWebDriver.findElement(RemoteWebDriver.java:418)
	at org.openqa.selenium.support.pagefactory.DefaultElementLocator.findElement(DefaultElementLocator.java:68)
	at org.openqa.selenium.support.pagefactory.internal.LocatingElementHandler.invoke(LocatingElementHandler.java:38)
	at jdk.proxy2/jdk.proxy2.$Proxy28.getTagName(Unknown Source)
	at org.openqa.selenium.support.ui.Select.<init>(Select.java:44)
	at com.blazedemo.pages.HomePage.selectCities(HomePage.java:56)
	at com.blazedemo.tests.TC04FlightBookingDataDrivenTest.testBookingBydataDriven(TC04FlightBookingDataDrivenTest.java:33)
	at java.base/jdk.internal.reflect.DirectMethodHandleAccessor.invoke(DirectMethodHandleAccessor.java:103)
	at java.base/java.lang.reflect.Method.invoke(Method.java:580)
	at org.testng.internal.invokers.MethodInvocationHelper.invokeMethod(MethodInvocationHelper.java:141)
	at org.testng.internal.invokers.TestInvoker.invokeMethod(TestInvoker.java:687)
	at org.testng.internal.invokers.TestInvoker.invokeTestMethod(TestInvoker.java:230)
	at org.testng.internal.invokers.MethodRunner.runInSequence(MethodRunner.java:63)
	at org.testng.internal.invokers.TestInvoker$MethodInvocationAgent.invoke(TestInvoker.java:995)
	at org.testng.internal.invokers.TestInvoker.invokeTestMethods(TestInvoker.java:203)
	at org.testng.internal.invokers.TestMethodWorker.invokeTestMethods(TestMethodWorker.java:154)
	at org.testng.internal.invokers.TestMethodWorker.run(TestMethodWorker.java:134)
	at java.base/java.util.ArrayList.forEach(ArrayList.java:1596)
	at org.testng.TestRunner.privateRun(TestRunner.java:741)
	at org.testng.TestRunner.run(TestRunner.java:616)
	at org.testng.SuiteRunner.runTest(SuiteRunner.java:421)
	at org.testng.SuiteRunner.runSequentially(SuiteRunner.java:413)
	at org.testng.SuiteRunner.privateRun(SuiteRunner.java:373)
	at org.testng.SuiteRunner.run(SuiteRunner.java:312)
	at org.testng.SuiteRunnerWorker.runSuite(SuiteRunnerWorker.java:52)
	at org.testng.SuiteRunnerWorker.run(SuiteRunnerWorker.java:95)
	at org.testng.TestNG.runSuitesSequentially(TestNG.java:1274)
	at org.testng.TestNG.runSuitesLocally(TestNG.java:1208)
	at org.testng.TestNG.runSuites(TestNG.java:1112)
	at org.testng.TestNG.run(TestNG.java:1079)
	at org.apache.maven.surefire.testng.TestNGExecutor.run(TestNGExecutor.java:308)
	at org.apache.maven.surefire.testng.TestNGXmlTestSuite.execute(TestNGXmlTestSuite.java:71)
	at org.apache.maven.surefire.testng.TestNGProvider.invoke(TestNGProvider.java:113)
	at org.apache.maven.surefire.booter.ForkedBooter.runSuitesInProcess(ForkedBooter.java:385)
	at org.apache.maven.surefire.booter.ForkedBooter.execute(ForkedBooter.java:162)
	at org.apache.maven.surefire.booter.ForkedBooter.run(ForkedBooter.java:507)
	at org.apache.maven.surefire.booter.ForkedBooter.main(ForkedBooter.java:495)
]]></system-out>
  </testcase>
  <testcase name="testBookingBydataDriven[Macron, Rohtak, Gurugram, Haryana, 678956, Diner&apos;s Club, 45346789016, 12, 2029, Emanual](3)" classname="com.blazedemo.tests.TC04FlightBookingDataDrivenTest" time="10.236">
    <failure message="Test failed due to exception: no such element: Unable to locate element: {&quot;method&quot;:&quot;xpath&quot;,&quot;selector&quot;:&quot;//select[@name=&apos;fromPort&apos;]&quot;}&#10;  (Session info: chrome=145.0.7632.77)&#10;For documentation on this error, please visit: https://www.selenium.dev/documentation/webdriver/troubleshooting/errors#nosuchelementexception&#10;Build info: version: &apos;4.40.0&apos;, revision: &apos;b3333f1&apos;&#10;System info: os.name: &apos;Windows 11&apos;, os.arch: &apos;amd64&apos;, os.version: &apos;10.0&apos;, java.version: &apos;21.0.7&apos;&#10;Driver info: org.openqa.selenium.chrome.ChromeDriver&#10;Command: [29aca891999030f7d4759fa998561d4c, findElement {using=xpath, value=//select[@name=&apos;fromPort&apos;]}]&#10;Capabilities {acceptInsecureCerts: false, browserName: chrome, browserVersion: 145.0.7632.77, chrome: {chromedriverVersion: 145.0.7632.77 (da516187054a..., userDataDir: C:\Users\Dell\AppData\Local...}, fedcm:accounts: true, goog:chromeOptions: {debuggerAddress: localhost:52142}, goog:processID: 13188, networkConnectionEnabled: false, pageLoadStrategy: normal, platformName: windows, proxy: Proxy(), se:cdp: ws://localhost:52142/devtoo..., se:cdpVersion: 145.0.7632.77, setWindowRect: true, strictFileInteractability: false, timeouts: {implicit: 0, pageLoad: 300000, script: 30000}, unhandledPromptBehavior: dismiss and notify, webauthn:extension:credBlob: true, webauthn:extension:largeBlob: true, webauthn:extension:minPinLength: true, webauthn:extension:prf: true, webauthn:virtualAuthenticators: true}&#10;Session ID: 29aca891999030f7d4759fa998561d4c" type="java.lang.AssertionError"><![CDATA[java.lang.AssertionError: 
Test failed due to exception: no such element: Unable to locate element: {"method":"xpath","selector":"//select[@name='fromPort']"}
  (Session info: chrome=145.0.7632.77)
For documentation on this error, please visit: https://www.selenium.dev/documentation/webdriver/troubleshooting/errors#nosuchelementexception
Build info: version: '4.40.0', revision: 'b3333f1'
System info: os.name: 'Windows 11', os.arch: 'amd64', os.version: '10.0', java.version: '21.0.7'
Driver info: org.openqa.selenium.chrome.ChromeDriver
Command: [29aca891999030f7d4759fa998561d4c, findElement {using=xpath, value=//select[@name='fromPort']}]
Capabilities {acceptInsecureCerts: false, browserName: chrome, browserVersion: 145.0.7632.77, chrome: {chromedriverVersion: 145.0.7632.77 (da516187054a..., userDataDir: C:\Users\Dell\AppData\Local...}, fedcm:accounts: true, goog:chromeOptions: {debuggerAddress: localhost:52142}, goog:processID: 13188, networkConnectionEnabled: false, pageLoadStrategy: normal, platformName: windows, proxy: Proxy(), se:cdp: ws://localhost:52142/devtoo..., se:cdpVersion: 145.0.7632.77, setWindowRect: true, strictFileInteractability: false, timeouts: {implicit: 0, pageLoad: 300000, script: 30000}, unhandledPromptBehavior: dismiss and notify, webauthn:extension:credBlob: true, webauthn:extension:largeBlob: true, webauthn:extension:minPinLength: true, webauthn:extension:prf: true, webauthn:virtualAuthenticators: true}
Session ID: 29aca891999030f7d4759fa998561d4c
	at org.testng.Assert.fail(Assert.java:111)
	at com.blazedemo.tests.TC04FlightBookingDataDrivenTest.testBookingBydataDriven(TC04FlightBookingDataDrivenTest.java:70)
	at java.base/jdk.internal.reflect.DirectMethodHandleAccessor.invoke(DirectMethodHandleAccessor.java:103)
	at java.base/java.lang.reflect.Method.invoke(Method.java:580)
	at org.testng.internal.invokers.MethodInvocationHelper.invokeMethod(MethodInvocationHelper.java:141)
	at org.testng.internal.invokers.TestInvoker.invokeMethod(TestInvoker.java:687)
	at org.testng.internal.invokers.TestInvoker.invokeTestMethod(TestInvoker.java:230)
	at org.testng.internal.invokers.MethodRunner.runInSequence(MethodRunner.java:63)
	at org.testng.internal.invokers.TestInvoker$MethodInvocationAgent.invoke(TestInvoker.java:995)
	at org.testng.internal.invokers.TestInvoker.invokeTestMethods(TestInvoker.java:203)
	at org.testng.internal.invokers.TestMethodWorker.invokeTestMethods(TestMethodWorker.java:154)
	at org.testng.internal.invokers.TestMethodWorker.run(TestMethodWorker.java:134)
	at java.base/java.util.ArrayList.forEach(ArrayList.java:1596)
	at org.testng.TestRunner.privateRun(TestRunner.java:741)
	at org.testng.TestRunner.run(TestRunner.java:616)
	at org.testng.SuiteRunner.runTest(SuiteRunner.java:421)
	at org.testng.SuiteRunner.runSequentially(SuiteRunner.java:413)
	at org.testng.SuiteRunner.privateRun(SuiteRunner.java:373)
	at org.testng.SuiteRunner.run(SuiteRunner.java:312)
	at org.testng.SuiteRunnerWorker.runSuite(SuiteRunnerWorker.java:52)
	at org.testng.SuiteRunnerWorker.run(SuiteRunnerWorker.java:95)
	at org.testng.TestNG.runSuitesSequentially(TestNG.java:1274)
	at org.testng.TestNG.runSuitesLocally(TestNG.java:1208)
	at org.testng.TestNG.runSuites(TestNG.java:1112)
	at org.testng.TestNG.run(TestNG.java:1079)
	at org.apache.maven.surefire.testng.TestNGExecutor.run(TestNGExecutor.java:308)
	at org.apache.maven.surefire.testng.TestNGXmlTestSuite.execute(TestNGXmlTestSuite.java:71)
	at org.apache.maven.surefire.testng.TestNGProvider.invoke(TestNGProvider.java:113)
	at org.apache.maven.surefire.booter.ForkedBooter.runSuitesInProcess(ForkedBooter.java:385)
	at org.apache.maven.surefire.booter.ForkedBooter.execute(ForkedBooter.java:162)
	at org.apache.maven.surefire.booter.ForkedBooter.run(ForkedBooter.java:507)
	at org.apache.maven.surefire.booter.ForkedBooter.main(ForkedBooter.java:495)
]]></failure>
    <system-out><![CDATA[15:53:11.504 [main] INFO  com.blazedemo.tests.TC04FlightBookingDataDrivenTest - Starting flight booking test
15:53:11.504 [main] INFO  com.blazedemo.tests.TC04FlightBookingDataDrivenTest - Selecting cities
15:53:21.570 [main] ERROR com.blazedemo.tests.TC04FlightBookingDataDrivenTest - Flight booking test FAILED
org.openqa.selenium.NoSuchElementException: no such element: Unable to locate element: {"method":"xpath","selector":"//select[@name='fromPort']"}
  (Session info: chrome=145.0.7632.77)
For documentation on this error, please visit: https://www.selenium.dev/documentation/webdriver/troubleshooting/errors#nosuchelementexception
Build info: version: '4.40.0', revision: 'b3333f1'
System info: os.name: 'Windows 11', os.arch: 'amd64', os.version: '10.0', java.version: '21.0.7'
Driver info: org.openqa.selenium.chrome.ChromeDriver
Command: [29aca891999030f7d4759fa998561d4c, findElement {using=xpath, value=//select[@name='fromPort']}]
Capabilities {acceptInsecureCerts: false, browserName: chrome, browserVersion: 145.0.7632.77, chrome: {chromedriverVersion: 145.0.7632.77 (da516187054a..., userDataDir: C:\Users\Dell\AppData\Local...}, fedcm:accounts: true, goog:chromeOptions: {debuggerAddress: localhost:52142}, goog:processID: 13188, networkConnectionEnabled: false, pageLoadStrategy: normal, platformName: windows, proxy: Proxy(), se:cdp: ws://localhost:52142/devtoo..., se:cdpVersion: 145.0.7632.77, setWindowRect: true, strictFileInteractability: false, timeouts: {implicit: 0, pageLoad: 300000, script: 30000}, unhandledPromptBehavior: dismiss and notify, webauthn:extension:credBlob: true, webauthn:extension:largeBlob: true, webauthn:extension:minPinLength: true, webauthn:extension:prf: true, webauthn:virtualAuthenticators: true}
Session ID: 29aca891999030f7d4759fa998561d4c
	at org.openqa.selenium.remote.ErrorCodec.decode(ErrorCodec.java:169)
	at org.openqa.selenium.remote.codec.w3c.W3CHttpResponseCodec.decode(W3CHttpResponseCodec.java:142)
	at org.openqa.selenium.remote.codec.w3c.W3CHttpResponseCodec.decode(W3CHttpResponseCodec.java:49)
	at org.openqa.selenium.remote.HttpCommandExecutor.execute(HttpCommandExecutor.java:223)
	at org.openqa.selenium.remote.service.DriverCommandExecutor.invokeExecute(DriverCommandExecutor.java:216)
	at org.openqa.selenium.remote.service.DriverCommandExecutor.execute(DriverCommandExecutor.java:174)
	at org.openqa.selenium.remote.RemoteWebDriver.execute(RemoteWebDriver.java:601)
	at org.openqa.selenium.remote.ElementLocation$ElementFinder$2.findElement(ElementLocation.java:166)
	at org.openqa.selenium.remote.ElementLocation.findElement(ElementLocation.java:60)
	at org.openqa.selenium.remote.RemoteWebDriver.findElement(RemoteWebDriver.java:424)
	at org.openqa.selenium.remote.RemoteWebDriver.findElement(RemoteWebDriver.java:418)
	at org.openqa.selenium.support.pagefactory.DefaultElementLocator.findElement(DefaultElementLocator.java:68)
	at org.openqa.selenium.support.pagefactory.internal.LocatingElementHandler.invoke(LocatingElementHandler.java:38)
	at jdk.proxy2/jdk.proxy2.$Proxy28.getTagName(Unknown Source)
	at org.openqa.selenium.support.ui.Select.<init>(Select.java:44)
	at com.blazedemo.pages.HomePage.selectCities(HomePage.java:56)
	at com.blazedemo.tests.TC04FlightBookingDataDrivenTest.testBookingBydataDriven(TC04FlightBookingDataDrivenTest.java:33)
	at java.base/jdk.internal.reflect.DirectMethodHandleAccessor.invoke(DirectMethodHandleAccessor.java:103)
	at java.base/java.lang.reflect.Method.invoke(Method.java:580)
	at org.testng.internal.invokers.MethodInvocationHelper.invokeMethod(MethodInvocationHelper.java:141)
	at org.testng.internal.invokers.TestInvoker.invokeMethod(TestInvoker.java:687)
	at org.testng.internal.invokers.TestInvoker.invokeTestMethod(TestInvoker.java:230)
	at org.testng.internal.invokers.MethodRunner.runInSequence(MethodRunner.java:63)
	at org.testng.internal.invokers.TestInvoker$MethodInvocationAgent.invoke(TestInvoker.java:995)
	at org.testng.internal.invokers.TestInvoker.invokeTestMethods(TestInvoker.java:203)
	at org.testng.internal.invokers.TestMethodWorker.invokeTestMethods(TestMethodWorker.java:154)
	at org.testng.internal.invokers.TestMethodWorker.run(TestMethodWorker.java:134)
	at java.base/java.util.ArrayList.forEach(ArrayList.java:1596)
	at org.testng.TestRunner.privateRun(TestRunner.java:741)
	at org.testng.TestRunner.run(TestRunner.java:616)
	at org.testng.SuiteRunner.runTest(SuiteRunner.java:421)
	at org.testng.SuiteRunner.runSequentially(SuiteRunner.java:413)
	at org.testng.SuiteRunner.privateRun(SuiteRunner.java:373)
	at org.testng.SuiteRunner.run(SuiteRunner.java:312)
	at org.testng.SuiteRunnerWorker.runSuite(SuiteRunnerWorker.java:52)
	at org.testng.SuiteRunnerWorker.run(SuiteRunnerWorker.java:95)
	at org.testng.TestNG.runSuitesSequentially(TestNG.java:1274)
	at org.testng.TestNG.runSuitesLocally(TestNG.java:1208)
	at org.testng.TestNG.runSuites(TestNG.java:1112)
	at org.testng.TestNG.run(TestNG.java:1079)
	at org.apache.maven.surefire.testng.TestNGExecutor.run(TestNGExecutor.java:308)
	at org.apache.maven.surefire.testng.TestNGXmlTestSuite.execute(TestNGXmlTestSuite.java:71)
	at org.apache.maven.surefire.testng.TestNGProvider.invoke(TestNGProvider.java:113)
	at org.apache.maven.surefire.booter.ForkedBooter.runSuitesInProcess(ForkedBooter.java:385)
	at org.apache.maven.surefire.booter.ForkedBooter.execute(ForkedBooter.java:162)
	at org.apache.maven.surefire.booter.ForkedBooter.run(ForkedBooter.java:507)
	at org.apache.maven.surefire.booter.ForkedBooter.main(ForkedBooter.java:495)
]]></system-out>
  </testcase>
  <testcase name="testBlankCreditcard" classname="com.blazedemo.tests.TC05BlankCreditCard" time="15.587">
    <failure message="BUG: Booking succeeded even with blank credit card details expected [false] but found [true]" type="java.lang.AssertionError"><![CDATA[java.lang.AssertionError: BUG: Booking succeeded even with blank credit card details expected [false] but found [true]
	at org.testng.Assert.fail(Assert.java:111)
	at org.testng.Assert.failNotEquals(Assert.java:1590)
	at org.testng.Assert.assertFalse(Assert.java:79)
	at com.blazedemo.tests.TC05BlankCreditCard.testBlankCreditcard(TC05BlankCreditCard.java:56)
	at java.base/jdk.internal.reflect.DirectMethodHandleAccessor.invoke(DirectMethodHandleAccessor.java:103)
	at java.base/java.lang.reflect.Method.invoke(Method.java:580)
	at org.testng.internal.invokers.MethodInvocationHelper.invokeMethod(MethodInvocationHelper.java:141)
	at org.testng.internal.invokers.TestInvoker.invokeMethod(TestInvoker.java:687)
	at org.testng.internal.invokers.TestInvoker.invokeTestMethod(TestInvoker.java:230)
	at org.testng.internal.invokers.MethodRunner.runInSequence(MethodRunner.java:63)
	at org.testng.internal.invokers.TestInvoker$MethodInvocationAgent.invoke(TestInvoker.java:995)
	at org.testng.internal.invokers.TestInvoker.invokeTestMethods(TestInvoker.java:203)
	at org.testng.internal.invokers.TestMethodWorker.invokeTestMethods(TestMethodWorker.java:154)
	at org.testng.internal.invokers.TestMethodWorker.run(TestMethodWorker.java:134)
	at java.base/java.util.ArrayList.forEach(ArrayList.java:1596)
	at org.testng.TestRunner.privateRun(TestRunner.java:741)
	at org.testng.TestRunner.run(TestRunner.java:616)
	at org.testng.SuiteRunner.runTest(SuiteRunner.java:421)
	at org.testng.SuiteRunner.runSequentially(SuiteRunner.java:413)
	at org.testng.SuiteRunner.privateRun(SuiteRunner.java:373)
	at org.testng.SuiteRunner.run(SuiteRunner.java:312)
	at org.testng.SuiteRunnerWorker.runSuite(SuiteRunnerWorker.java:52)
	at org.testng.SuiteRunnerWorker.run(SuiteRunnerWorker.java:95)
	at org.testng.TestNG.runSuitesSequentially(TestNG.java:1274)
	at org.testng.TestNG.runSuitesLocally(TestNG.java:1208)
	at org.testng.TestNG.runSuites(TestNG.java:1112)
	at org.testng.TestNG.run(TestNG.java:1079)
	at org.apache.maven.surefire.testng.TestNGExecutor.run(TestNGExecutor.java:308)
	at org.apache.maven.surefire.testng.TestNGXmlTestSuite.execute(TestNGXmlTestSuite.java:71)
	at org.apache.maven.surefire.testng.TestNGProvider.invoke(TestNGProvider.java:113)
	at org.apache.maven.surefire.booter.ForkedBooter.runSuitesInProcess(ForkedBooter.java:385)
	at org.apache.maven.surefire.booter.ForkedBooter.execute(ForkedBooter.java:162)
	at org.apache.maven.surefire.booter.ForkedBooter.run(ForkedBooter.java:507)
	at org.apache.maven.surefire.booter.ForkedBooter.main(ForkedBooter.java:495)
]]></failure>
    <system-out><![CDATA[15:53:22.021 [main] INFO  com.blazedemo.tests.TC04FlightBookingDataDrivenTest - Browser closed
15:53:25.040 [main] INFO  com.blazedemo.tests.TC05BlankCreditCard - Browser launched and application opened
15:53:25.040 [main] INFO  com.blazedemo.tests.TC05BlankCreditCard - Running on OS: Windows-11 Browser: chrome
15:53:25.044 [main] INFO  com.blazedemo.tests.TC05BlankCreditCard - ===== Starting TC05BlankCreditCard =====
15:53:25.044 [main] INFO  com.blazedemo.tests.TC05BlankCreditCard - Selecting cities
15:53:25.776 [main] INFO  com.blazedemo.tests.TC05BlankCreditCard - Searching flights
15:53:26.448 [main] INFO  com.blazedemo.tests.TC05BlankCreditCard - Choosing flight
15:53:26.573 [main] INFO  com.blazedemo.tests.TC05BlankCreditCard - Entering passenger details
15:53:28.471 [main] INFO  com.blazedemo.tests.TC05BlankCreditCard - Leaving credit card details blank intentionally
15:53:39.513 [main] INFO  com.blazedemo.tests.TC05BlankCreditCard - Submitting purchase
15:53:40.411 [main] INFO  com.blazedemo.tests.TC05BlankCreditCard - Checking booking status
15:53:40.438 [main] INFO  com.blazedemo.tests.TC05BlankCreditCard - Booking success status: true
]]></system-out>
    <system-err><![CDATA[Feb 19, 2026 3:53:22 PM org.openqa.selenium.devtools.CdpVersionFinder findNearestMatch
WARNING: Unable to find an exact match for CDP version 145, returning the closest version; found: 144; Please update to a Selenium version that supports CDP version 145
]]></system-err>
  </testcase>
  <testcase name="testInvalidCardCharaters" classname="com.blazedemo.tests.TC06InvalidCreditCardCharacter" time="7.239">
    <failure message="BUG: Booking succeeded even with invalid card Charaters expected [false] but found [true]" type="java.lang.AssertionError"><![CDATA[java.lang.AssertionError: BUG: Booking succeeded even with invalid card Charaters expected [false] but found [true]
	at org.testng.Assert.fail(Assert.java:111)
	at org.testng.Assert.failNotEquals(Assert.java:1590)
	at org.testng.Assert.assertFalse(Assert.java:79)
	at com.blazedemo.tests.TC06InvalidCreditCardCharacter.testInvalidCardCharaters(TC06InvalidCreditCardCharacter.java:57)
	at java.base/jdk.internal.reflect.DirectMethodHandleAccessor.invoke(DirectMethodHandleAccessor.java:103)
	at java.base/java.lang.reflect.Method.invoke(Method.java:580)
	at org.testng.internal.invokers.MethodInvocationHelper.invokeMethod(MethodInvocationHelper.java:141)
	at org.testng.internal.invokers.TestInvoker.invokeMethod(TestInvoker.java:687)
	at org.testng.internal.invokers.TestInvoker.invokeTestMethod(TestInvoker.java:230)
	at org.testng.internal.invokers.MethodRunner.runInSequence(MethodRunner.java:63)
	at org.testng.internal.invokers.TestInvoker$MethodInvocationAgent.invoke(TestInvoker.java:995)
	at org.testng.internal.invokers.TestInvoker.invokeTestMethods(TestInvoker.java:203)
	at org.testng.internal.invokers.TestMethodWorker.invokeTestMethods(TestMethodWorker.java:154)
	at org.testng.internal.invokers.TestMethodWorker.run(TestMethodWorker.java:134)
	at java.base/java.util.ArrayList.forEach(ArrayList.java:1596)
	at org.testng.TestRunner.privateRun(TestRunner.java:741)
	at org.testng.TestRunner.run(TestRunner.java:616)
	at org.testng.SuiteRunner.runTest(SuiteRunner.java:421)
	at org.testng.SuiteRunner.runSequentially(SuiteRunner.java:413)
	at org.testng.SuiteRunner.privateRun(SuiteRunner.java:373)
	at org.testng.SuiteRunner.run(SuiteRunner.java:312)
	at org.testng.SuiteRunnerWorker.runSuite(SuiteRunnerWorker.java:52)
	at org.testng.SuiteRunnerWorker.run(SuiteRunnerWorker.java:95)
	at org.testng.TestNG.runSuitesSequentially(TestNG.java:1274)
	at org.testng.TestNG.runSuitesLocally(TestNG.java:1208)
	at org.testng.TestNG.runSuites(TestNG.java:1112)
	at org.testng.TestNG.run(TestNG.java:1079)
	at org.apache.maven.surefire.testng.TestNGExecutor.run(TestNGExecutor.java:308)
	at org.apache.maven.surefire.testng.TestNGXmlTestSuite.execute(TestNGXmlTestSuite.java:71)
	at org.apache.maven.surefire.testng.TestNGProvider.invoke(TestNGProvider.java:113)
	at org.apache.maven.surefire.booter.ForkedBooter.runSuitesInProcess(ForkedBooter.java:385)
	at org.apache.maven.surefire.booter.ForkedBooter.execute(ForkedBooter.java:162)
	at org.apache.maven.surefire.booter.ForkedBooter.run(ForkedBooter.java:507)
	at org.apache.maven.surefire.booter.ForkedBooter.main(ForkedBooter.java:495)
]]></failure>
    <system-out><![CDATA[15:53:40.898 [main] INFO  com.blazedemo.tests.TC05BlankCreditCard - Browser closed
15:53:44.681 [main] INFO  com.blazedemo.tests.TC06InvalidCreditCardCharacter - Browser launched and application opened
15:53:44.681 [main] INFO  com.blazedemo.tests.TC06InvalidCreditCardCharacter - Running on OS: Windows-11 Browser: chrome
15:53:44.688 [main] INFO  com.blazedemo.tests.TC06InvalidCreditCardCharacter - ===== Starting TC06InvalidCreditCardCharacter =====
15:53:44.692 [main] INFO  com.blazedemo.tests.TC06InvalidCreditCardCharacter - Selecting cities
15:53:45.468 [main] INFO  com.blazedemo.tests.TC06InvalidCreditCardCharacter - Searching flights
15:53:46.285 [main] INFO  com.blazedemo.tests.TC06InvalidCreditCardCharacter - Choosing flight
15:53:46.399 [main] INFO  com.blazedemo.tests.TC06InvalidCreditCardCharacter - Entering passenger details
15:53:48.244 [main] INFO  com.blazedemo.tests.TC06InvalidCreditCardCharacter - Entering INVALID credit card data intentionally
15:53:49.496 [main] INFO  com.blazedemo.tests.TC06InvalidCreditCardCharacter - Submitting purchase
15:53:51.723 [main] INFO  com.blazedemo.tests.TC06InvalidCreditCardCharacter - Checking booking status
15:53:51.770 [main] INFO  com.blazedemo.tests.TC06InvalidCreditCardCharacter - Booking success status: true
]]></system-out>
    <system-err><![CDATA[Feb 19, 2026 3:53:41 PM org.openqa.selenium.devtools.CdpVersionFinder findNearestMatch
WARNING: Unable to find an exact match for CDP version 145, returning the closest version; found: 144; Please update to a Selenium version that supports CDP version 145
]]></system-err>
  </testcase>
  <testcase name="testSameDepartAndDestination" classname="com.blazedemo.tests.TC07SameDepartAndDestinCity" time="0.424">
    <failure message="Paris not available in destination dropdown expected [true] but found [false]" type="java.lang.AssertionError"><![CDATA[java.lang.AssertionError: Paris not available in destination dropdown expected [true] but found [false]
	at org.testng.Assert.fail(Assert.java:111)
	at org.testng.Assert.failNotEquals(Assert.java:1590)
	at org.testng.Assert.assertTrue(Assert.java:57)
	at com.blazedemo.tests.TC07SameDepartAndDestinCity.testSameDepartAndDestination(TC07SameDepartAndDestinCity.java:18)
	at java.base/jdk.internal.reflect.DirectMethodHandleAccessor.invoke(DirectMethodHandleAccessor.java:103)
	at java.base/java.lang.reflect.Method.invoke(Method.java:580)
	at org.testng.internal.invokers.MethodInvocationHelper.invokeMethod(MethodInvocationHelper.java:141)
	at org.testng.internal.invokers.TestInvoker.invokeMethod(TestInvoker.java:687)
	at org.testng.internal.invokers.TestInvoker.invokeTestMethod(TestInvoker.java:230)
	at org.testng.internal.invokers.MethodRunner.runInSequence(MethodRunner.java:63)
	at org.testng.internal.invokers.TestInvoker$MethodInvocationAgent.invoke(TestInvoker.java:995)
	at org.testng.internal.invokers.TestInvoker.invokeTestMethods(TestInvoker.java:203)
	at org.testng.internal.invokers.TestMethodWorker.invokeTestMethods(TestMethodWorker.java:154)
	at org.testng.internal.invokers.TestMethodWorker.run(TestMethodWorker.java:134)
	at java.base/java.util.ArrayList.forEach(ArrayList.java:1596)
	at org.testng.TestRunner.privateRun(TestRunner.java:741)
	at org.testng.TestRunner.run(TestRunner.java:616)
	at org.testng.SuiteRunner.runTest(SuiteRunner.java:421)
	at org.testng.SuiteRunner.runSequentially(SuiteRunner.java:413)
	at org.testng.SuiteRunner.privateRun(SuiteRunner.java:373)
	at org.testng.SuiteRunner.run(SuiteRunner.java:312)
	at org.testng.SuiteRunnerWorker.runSuite(SuiteRunnerWorker.java:52)
	at org.testng.SuiteRunnerWorker.run(SuiteRunnerWorker.java:95)
	at org.testng.TestNG.runSuitesSequentially(TestNG.java:1274)
	at org.testng.TestNG.runSuitesLocally(TestNG.java:1208)
	at org.testng.TestNG.runSuites(TestNG.java:1112)
	at org.testng.TestNG.run(TestNG.java:1079)
	at org.apache.maven.surefire.testng.TestNGExecutor.run(TestNGExecutor.java:308)
	at org.apache.maven.surefire.testng.TestNGXmlTestSuite.execute(TestNGXmlTestSuite.java:71)
	at org.apache.maven.surefire.testng.TestNGProvider.invoke(TestNGProvider.java:113)
	at org.apache.maven.surefire.booter.ForkedBooter.runSuitesInProcess(ForkedBooter.java:385)
	at org.apache.maven.surefire.booter.ForkedBooter.execute(ForkedBooter.java:162)
	at org.apache.maven.surefire.booter.ForkedBooter.run(ForkedBooter.java:507)
	at org.apache.maven.surefire.booter.ForkedBooter.main(ForkedBooter.java:495)
]]></failure>
    <system-out><![CDATA[15:53:52.155 [main] INFO  com.blazedemo.tests.TC06InvalidCreditCardCharacter - Browser closed
15:53:56.054 [main] INFO  com.blazedemo.tests.TC07SameDepartAndDestinCity - Browser launched and application opened
15:53:56.054 [main] INFO  com.blazedemo.tests.TC07SameDepartAndDestinCity - Running on OS: Windows-11 Browser: chrome
15:53:56.059 [main] INFO  com.blazedemo.tests.TC07SameDepartAndDestinCity - Test started: Same Departure and Destination City
15:53:56.062 [main] INFO  com.blazedemo.tests.TC07SameDepartAndDestinCity - Checking if Paris exists in destination dropdown
]]></system-out>
    <system-err><![CDATA[Feb 19, 2026 3:53:53 PM org.openqa.selenium.devtools.CdpVersionFinder findNearestMatch
WARNING: Unable to find an exact match for CDP version 145, returning the closest version; found: 144; Please update to a Selenium version that supports CDP version 145
]]></system-err>
  </testcase>
</testsuite>