<!DOCTYPE html PUBLIC "-//W3C//DTD XHTML 1.1//EN" "https://www.w3.org/TR/xhtml11/DTD/xhtml11.dtd">
<html xmlns="https://www.w3.org/1999/xhtml">
<head>
<meta http-equiv="content-type" content="text/html; charset=UTF-8"/>
<title>TestNG Report</title>
<style type="text/css">table {margin-bottom:10px;border-collapse:collapse;empty-cells:show}th,td {border:1px solid #009;padding:.25em .5em}th {vertical-align:bottom}td {vertical-align:top}table a {font-weight:bold}.stripe td {background-color: #E6EBF9}.num {text-align:right}.passedodd td {background-color: #3F3}.passedeven td {background-color: #0A0}.skippedodd td {background-color: #DDD}.skippedeven td {background-color: #CCC}.failedodd td,.attn {background-color: #F33}.failedeven td,.stripe .attn {background-color: #D00}.stacktrace {white-space:pre;font-family:monospace}.totop {font-size:85%;text-align:center;border-bottom:2px solid #000}.invisible {display:none}</style>
</head>
<body>
<table>
<tr><th>Test</th><th># Passed</th><th># Skipped</th><th># Retried</th><th># Failed</th><th>Time (ms)</th><th>Included Groups</th><th>Excluded Groups</th></tr>
<tr><th colspan="8">Suite</th></tr>
<tr><td><a href="#t0">Test</a></td><td class="num">7</td><td class="num">0</td><td class="num">0</td><td class="num attn">3</td><td class="num">96,586</td><td></td><td></td></tr>
</table>
<table id='summary'><thead><tr><th>Class</th><th>Method</th><th>Start</th><th>Time (ms)</th></tr></thead><tbody><tr><th colspan="4">Suite</th></tr></tbody><tbody id="t0"><tr><th colspan="4">Test &#8212; failed</th></tr><tr class="failedeven"><td rowspan="1">com.blazedemo.tests.TC05BlankCreditCard</td><td><a href="#m0">testBlankCreditcard</a></td><td rowspan="1">1771497602238</td><td rowspan="1">15389</td></tr><tr class="failedodd"><td rowspan="1">com.blazedemo.tests.TC06InvalidCreditCardCharacter</td><td><a href="#m1">testInvalidCardCharaters</a></td><td rowspan="1">1771497620497</td><td rowspan="1">6062</td></tr><tr class="failedeven"><td rowspan="1">com.blazedemo.tests.TC07SameDepartAndDestinCity</td><td><a href="#m2">testSameDepartAndDestination</a></td><td rowspan="1">1771497631741</td><td rowspan="1">251</td></tr><tr><th colspan="4">Test &#8212; passed</th></tr><tr class="passedeven"><td rowspan="1">com.blazedemo.tests.FlightBookingTest</td><td><a href="#m3">bookFlight</a></td><td rowspan="1">1771497540361</td><td rowspan="1">8723</td></tr><tr class="passedodd"><td rowspan="1">com.blazedemo.tests.TC01VerifyHomePageLoadsAndDropdownVisible</td><td><a href="#m4">testHomePageLoadsAndDropdownVisible</a></td><td rowspan="1">1771497553110</td><td rowspan="1">190</td></tr><tr class="passedeven"><td rowspan="1">com.blazedemo.tests.TC02SearchFlightWithValidCities</td><td><a href="#m5">searchFlightTest</a></td><td rowspan="1">1771497558700</td><td rowspan="1">1726</td></tr><tr class="passedodd"><td rowspan="1">com.blazedemo.tests.TC03CompleteFlightBooking</td><td><a href="#m6">testcompleteBooking</a></td><td rowspan="1">1771497564782</td><td rowspan="1">5850</td></tr><tr class="passedeven"><td rowspan="3">com.blazedemo.tests.TC04FlightBookingDataDrivenTest</td><td><a href="#m7">testBookingBydataDriven</a></td><td rowspan="3">1771497577796</td><td rowspan="3">5954</td></tr><tr class="passedeven"><td><a href="#m8">testBookingBydataDriven</a></td></tr><tr class="passedeven"><td><a href="#m9">testBookingBydataDriven</a></td></tr></tbody>
</table>
<h2>Test</h2><h3 id="m0">com.blazedemo.tests.TC05BlankCreditCard#testBlankCreditcard</h3><table class="result"><tr><th>Exception</th></tr><tr><td><div class="stacktrace">java.lang.AssertionError: BUG: Booking succeeded even with blank credit card details expected [false] but found [true]
	at com.blazedemo.tests.TC05BlankCreditCard.testBlankCreditcard(TC05BlankCreditCard.java:56)
	at java.base/java.util.ArrayList.forEach(ArrayList.java:1596)
... Removed 28 stack frames</div></td></tr></table><p class="totop"><a href="#summary">back to summary</a></p>
<h3 id="m1">com.blazedemo.tests.TC06InvalidCreditCardCharacter#testInvalidCardCharaters</h3><table class="result"><tr><th>Exception</th></tr><tr><td><div class="stacktrace">java.lang.AssertionError: BUG: Booking succeeded even with invalid card Charaters expected [false] but found [true]
	at com.blazedemo.tests.TC06InvalidCreditCardCharacter.testInvalidCardCharaters(TC06InvalidCreditCardCharacter.java:57)
	at java.base/java.util.ArrayList.forEach(ArrayList.java:1596)
... Removed 28 stack frames</div></td></tr></table><p class="totop"><a href="#summary">back to summary</a></p>
<h3 id="m2">com.blazedemo.tests.TC07SameDepartAndDestinCity#testSameDepartAndDestination</h3><table class="result"><tr><th>Exception</th></tr><tr><td><div class="stacktrace">java.lang.AssertionError: Paris not available in destination dropdown expected [true] but found [false]
	at com.blazedemo.tests.TC07SameDepartAndDestinCity.testSameDepartAndDestination(TC07SameDepartAndDestinCity.java:18)
	at java.base/java.util.ArrayList.forEach(ArrayList.java:1596)
... Removed 28 stack frames</div></td></tr></table><p class="totop"><a href="#summary">back to summary</a></p>
<h3 id="m3">com.blazedemo.tests.FlightBookingTest#bookFlight</h3><table class="result"><tr><th class="invisible"/></tr></table><p class="totop"><a href="#summary">back to summary</a></p>
<h3 id="m4">com.blazedemo.tests.TC01VerifyHomePageLoadsAndDropdownVisible#testHomePageLoadsAndDropdownVisible</h3><table class="result"><tr><th class="invisible"/></tr></table><p class="totop"><a href="#summary">back to summary</a></p>
<h3 id="m5">com.blazedemo.tests.TC02SearchFlightWithValidCities#searchFlightTest</h3><table class="result"><tr><th class="invisible"/></tr></table><p class="totop"><a href="#summary">back to summary</a></p>
<h3 id="m6">com.blazedemo.tests.TC03CompleteFlightBooking#testcompleteBooking</h3><table class="result"><tr><th class="invisible"/></tr></table><p class="totop"><a href="#summary">back to summary</a></p>
<h3 id="m7">com.blazedemo.tests.TC04FlightBookingDataDrivenTest#testBookingBydataDriven</h3><table class="result"><tr class="param"><th>Parameter #1</th><th>Parameter #2</th><th>Parameter #3</th><th>Parameter #4</th><th>Parameter #5</th><th>Parameter #6</th><th>Parameter #7</th><th>Parameter #8</th><th>Parameter #9</th><th>Parameter #10</th></tr><tr class="param stripe"><td>Sam</td><td>kakrola</td><td>Delhi</td><td>NewDelhi</td><td>342345</td><td>American Express</td><td>34579024467</td><td>8</td><td>2027</td><td>Sam smith</td></tr></table><p class="totop"><a href="#summary">back to summary</a></p>
<h3 id="m8">com.blazedemo.tests.TC04FlightBookingDataDrivenTest#testBookingBydataDriven</h3><table class="result"><tr class="param"><th>Parameter #1</th><th>Parameter #2</th><th>Parameter #3</th><th>Parameter #4</th><th>Parameter #5</th><th>Parameter #6</th><th>Parameter #7</th><th>Parameter #8</th><th>Parameter #9</th><th>Parameter #10</th></tr><tr class="param stripe"><td>Macron</td><td>Rohtak</td><td>Gurugram</td><td>Haryana</td><td>678956</td><td>Diner&apos;s Club</td><td>45346789016</td><td>12</td><td>2029</td><td>Emanual</td></tr></table><p class="totop"><a href="#summary">back to summary</a></p>
<h3 id="m9">com.blazedemo.tests.TC04FlightBookingDataDrivenTest#testBookingBydataDriven</h3><table class="result"><tr class="param"><th>Parameter #1</th><th>Parameter #2</th><th>Parameter #3</th><th>Parameter #4</th><th>Parameter #5</th><th>Parameter #6</th><th>Parameter #7</th><th>Parameter #8</th><th>Parameter #9</th><th>Parameter #10</th></tr><tr class="param stripe"><td>Alice</td><td>Sohna</td><td>Gurugram</td><td>Haryana</td><td>341209</td><td>Visa</td><td>67548202767</td><td>9</td><td>2028</td><td>Alice</td></tr></table><p class="totop"><a href="#summary">back to summary</a></p>
</body>
</html>
