<?xml version="1.0" encoding="UTF-8"?>
<testng-results ignored="0" total="10" passed="7" failed="3" skipped="0">
  <reporter-output>
  </reporter-output>
  <suite started-at="2026-02-25T22:30:42 IST" name="Suite" finished-at="2026-02-25T22:32:21 IST" duration-ms="99764">
    <groups>
      <group name="Functional">
        <method signature="TC02SearchFlightWithValidCities.searchFlightTest()[pri:0, instance:com.blazedemo.tests.TC02SearchFlightWithValidCities@373ebf74]" name="searchFlightTest" class="com.blazedemo.tests.TC02SearchFlightWithValidCities"/>
      </group> <!-- Functional -->
      <group name="Negative">
        <method signature="TC05BlankCreditCard.testBlankCreditcard()[pri:0, instance:com.blazedemo.tests.TC05BlankCreditCard@189aa67a]" name="testBlankCreditcard" class="com.blazedemo.tests.TC05BlankCreditCard"/>
        <method signature="TC06InvalidCreditCardCharacter.testInvalidCardCharaters()[pri:0, instance:com.blazedemo.tests.TC06InvalidCreditCardCharacter@5a9d6f02]" name="testInvalidCardCharaters" class="com.blazedemo.tests.TC06InvalidCreditCardCharacter"/>
        <method signature="TC07SameDepartAndDestinCity.testSameDepartAndDestination()[pri:0, instance:com.blazedemo.tests.TC07SameDepartAndDestinCity@362045c0]" name="testSameDepartAndDestination" class="com.blazedemo.tests.TC07SameDepartAndDestinCity"/>
      </group> <!-- Negative -->
      <group name="Funtional">
        <method signature="TC03CompleteFlightBooking.testcompleteBooking()[pri:0, instance:com.blazedemo.tests.TC03CompleteFlightBooking@5f9678e1]" name="testcompleteBooking" class="com.blazedemo.tests.TC03CompleteFlightBooking"/>
      </group> <!-- Funtional -->
      <group name="Data-driven">
        <method signature="TC04FlightBookingDataDrivenTest.testBookingBydataDriven(java.lang.String,java.lang.String,java.lang.String,java.lang.String,java.lang.String,java.lang.String,java.lang.String,java.lang.String,java.lang.String,java.lang.String)[pri:0, instance:com.blazedemo.tests.TC04FlightBookingDataDrivenTest@c4ed84]" name="testBookingBydataDriven" class="com.blazedemo.tests.TC04FlightBookingDataDrivenTest"/>
      </group> <!-- Data-driven -->
      <group name="Smoke">
        <method signature="FlightBookingTest.bookFlight()[pri:0, instance:com.blazedemo.tests.FlightBookingTest@550a1967]" name="bookFlight" class="com.blazedemo.tests.FlightBookingTest"/>
        <method signature="TC01VerifyHomePageLoadsAndDropdownVisible.testHomePageLoadsAndDropdownVisible()[pri:0, instance:com.blazedemo.tests.TC01VerifyHomePageLoadsAndDropdownVisible@5669c5fb]" name="testHomePageLoadsAndDropdownVisible" class="com.blazedemo.tests.TC01VerifyHomePageLoadsAndDropdownVisible"/>
      </group> <!-- Smoke -->
    </groups>
    <test started-at="2026-02-25T22:30:42 IST" name="Test" finished-at="2026-02-25T22:32:21 IST" duration-ms="99764">
      <class name="com.blazedemo.tests.TC01VerifyHomePageLoadsAndDropdownVisible">
        <test-method is-config="true" signature="setUp(java.lang.String,java.lang.String)[pri:0, instance:com.blazedemo.tests.TC01VerifyHomePageLoadsAndDropdownVisible@5669c5fb]" started-at="2026-02-25T22:31:00 IST" name="setUp" finished-at="2026-02-25T22:31:03 IST" duration-ms="2922" status="PASS">
          <params>
            <param index="0">
              <value>
                <![CDATA[Windows]]>
              </value>
            </param>
            <param index="1">
              <value>
                <![CDATA[chrome]]>
              </value>
            </param>
          </params>
          <reporter-output>
          </reporter-output>
        </test-method> <!-- setUp -->
        <test-method signature="testHomePageLoadsAndDropdownVisible()[pri:0, instance:com.blazedemo.tests.TC01VerifyHomePageLoadsAndDropdownVisible@5669c5fb]" started-at="2026-02-25T22:31:03 IST" name="testHomePageLoadsAndDropdownVisible" finished-at="2026-02-25T22:31:03 IST" duration-ms="250" status="PASS">
          <reporter-output>
          </reporter-output>
        </test-method> <!-- testHomePageLoadsAndDropdownVisible -->
        <test-method is-config="true" signature="tearDown()[pri:0, instance:com.blazedemo.tests.TC01VerifyHomePageLoadsAndDropdownVisible@5669c5fb]" started-at="2026-02-25T22:31:03 IST" name="tearDown" finished-at="2026-02-25T22:31:03 IST" duration-ms="210" status="PASS">
          <reporter-output>
          </reporter-output>
        </test-method> <!-- tearDown -->
      </class> <!-- com.blazedemo.tests.TC01VerifyHomePageLoadsAndDropdownVisible -->
      <class name="com.blazedemo.tests.TC07SameDepartAndDestinCity">
        <test-method is-config="true" signature="setUp(java.lang.String,java.lang.String)[pri:0, instance:com.blazedemo.tests.TC07SameDepartAndDestinCity@362045c0]" started-at="2026-02-25T22:32:18 IST" name="setUp" finished-at="2026-02-25T22:32:21 IST" duration-ms="2509" status="PASS">
          <params>
            <param index="0">
              <value>
                <![CDATA[Windows]]>
              </value>
            </param>
            <param index="1">
              <value>
                <![CDATA[chrome]]>
              </value>
            </param>
          </params>
          <reporter-output>
          </reporter-output>
        </test-method> <!-- setUp -->
        <test-method signature="testSameDepartAndDestination()[pri:0, instance:com.blazedemo.tests.TC07SameDepartAndDestinCity@362045c0]" started-at="2026-02-25T22:32:21 IST" name="testSameDepartAndDestination" finished-at="2026-02-25T22:32:21 IST" duration-ms="204" status="FAIL">
          <exception class="java.lang.AssertionError">
            <message>
              <![CDATA[Paris not available in destination dropdown expected [true] but found [false]]]>
            </message>
            <full-stacktrace>
              <![CDATA[java.lang.AssertionError: Paris not available in destination dropdown expected [true] but found [false]
at org.testng.Assert.fail(Assert.java:111)
at org.testng.Assert.failNotEquals(Assert.java:1590)
at org.testng.Assert.assertTrue(Assert.java:57)
at com.blazedemo.tests.TC07SameDepartAndDestinCity.testSameDepartAndDestination(TC07SameDepartAndDestinCity.java:18)
at java.base/jdk.internal.reflect.DirectMethodHandleAccessor.invoke(DirectMethodHandleAccessor.java:103)
at java.base/java.lang.reflect.Method.invoke(Method.java:580)
at org.testng.internal.invokers.MethodInvocationHelper.invokeMethod(MethodInvocationHelper.java:141)
at org.testng.internal.invokers.TestInvoker.invokeMethod(TestInvoker.java:687)
at org.testng.internal.invokers.TestInvoker.invokeTestMethod(TestInvoker.java:230)
at org.testng.internal.invokers.MethodRunner.runInSequence(MethodRunner.java:63)
at org.testng.internal.invokers.TestInvoker$MethodInvocationAgent.invoke(TestInvoker.java:995)
at org.testng.internal.invokers.TestInvoker.invokeTestMethods(TestInvoker.java:203)
at org.testng.internal.invokers.TestMethodWorker.invokeTestMethods(TestMethodWorker.java:154)
at org.testng.internal.invokers.TestMethodWorker.run(TestMethodWorker.java:134)
at java.base/java.util.ArrayList.forEach(ArrayList.java:1596)
at org.testng.TestRunner.privateRun(TestRunner.java:741)
at org.testng.TestRunner.run(TestRunner.java:616)
at org.testng.SuiteRunner.runTest(SuiteRunner.java:421)
at org.testng.SuiteRunner.runSequentially(SuiteRunner.java:413)
at org.testng.SuiteRunner.privateRun(SuiteRunner.java:373)
at org.testng.SuiteRunner.run(SuiteRunner.java:312)
at org.testng.SuiteRunnerWorker.runSuite(SuiteRunnerWorker.java:52)
at org.testng.SuiteRunnerWorker.run(SuiteRunnerWorker.java:95)
at org.testng.TestNG.runSuitesSequentially(TestNG.java:1274)
at org.testng.TestNG.runSuitesLocally(TestNG.java:1208)
at org.testng.TestNG.runSuites(TestNG.java:1112)
at org.testng.TestNG.run(TestNG.java:1079)
at org.testng.remote.AbstractRemoteTestNG.run(AbstractRemoteTestNG.java:115)
at org.testng.remote.RemoteTestNG.initAndRun(RemoteTestNG.java:293)
at org.testng.remote.RemoteTestNG.main(RemoteTestNG.java:91)
]]>
            </full-stacktrace>
          </exception> <!-- java.lang.AssertionError -->
          <reporter-output>
          </reporter-output>
        </test-method> <!-- testSameDepartAndDestination -->
        <test-method is-config="true" signature="tearDown()[pri:0, instance:com.blazedemo.tests.TC07SameDepartAndDestinCity@362045c0]" started-at="2026-02-25T22:32:21 IST" name="tearDown" finished-at="2026-02-25T22:32:21 IST" duration-ms="205" status="PASS">
          <reporter-output>
          </reporter-output>
        </test-method> <!-- tearDown -->
      </class> <!-- com.blazedemo.tests.TC07SameDepartAndDestinCity -->
      <class name="com.blazedemo.tests.TC04FlightBookingDataDrivenTest">
        <test-method is-config="true" signature="setUp(java.lang.String,java.lang.String)[pri:0, instance:com.blazedemo.tests.TC04FlightBookingDataDrivenTest@c4ed84]" started-at="2026-02-25T22:31:19 IST" name="setUp" finished-at="2026-02-25T22:31:25 IST" duration-ms="5614" status="PASS">
          <params>
            <param index="0">
              <value>
                <![CDATA[Windows]]>
              </value>
            </param>
            <param index="1">
              <value>
                <![CDATA[chrome]]>
              </value>
            </param>
          </params>
          <reporter-output>
          </reporter-output>
        </test-method> <!-- setUp -->
        <test-method signature="testBookingBydataDriven(java.lang.String,java.lang.String,java.lang.String,java.lang.String,java.lang.String,java.lang.String,java.lang.String,java.lang.String,java.lang.String,java.lang.String)[pri:0, instance:com.blazedemo.tests.TC04FlightBookingDataDrivenTest@c4ed84]" started-at="2026-02-25T22:31:25 IST" name="testBookingBydataDriven" data-provider="PassengerDetail" finished-at="2026-02-25T22:31:30 IST" duration-ms="5513" status="PASS">
          <params>
            <param index="0">
              <value>
                <![CDATA[Sam]]>
              </value>
            </param>
            <param index="1">
              <value>
                <![CDATA[kakrola]]>
              </value>
            </param>
            <param index="2">
              <value>
                <![CDATA[Delhi]]>
              </value>
            </param>
            <param index="3">
              <value>
                <![CDATA[NewDelhi]]>
              </value>
            </param>
            <param index="4">
              <value>
                <![CDATA[342345]]>
              </value>
            </param>
            <param index="5">
              <value>
                <![CDATA[American Express]]>
              </value>
            </param>
            <param index="6">
              <value>
                <![CDATA[34579024467]]>
              </value>
            </param>
            <param index="7">
              <value>
                <![CDATA[8]]>
              </value>
            </param>
            <param index="8">
              <value>
                <![CDATA[2027]]>
              </value>
            </param>
            <param index="9">
              <value>
                <![CDATA[Sam smith]]>
              </value>
            </param>
          </params>
          <reporter-output>
          </reporter-output>
        </test-method> <!-- testBookingBydataDriven -->
        <test-method is-config="true" signature="tearDown()[pri:0, instance:com.blazedemo.tests.TC04FlightBookingDataDrivenTest@c4ed84]" started-at="2026-02-25T22:31:30 IST" name="tearDown" finished-at="2026-02-25T22:31:30 IST" duration-ms="246" status="PASS">
          <reporter-output>
          </reporter-output>
        </test-method> <!-- tearDown -->
        <test-method is-config="true" signature="setUp(java.lang.String,java.lang.String)[pri:0, instance:com.blazedemo.tests.TC04FlightBookingDataDrivenTest@c4ed84]" started-at="2026-02-25T22:31:30 IST" name="setUp" finished-at="2026-02-25T22:31:33 IST" duration-ms="2484" status="PASS">
          <params>
            <param index="0">
              <value>
                <![CDATA[Windows]]>
              </value>
            </param>
            <param index="1">
              <value>
                <![CDATA[chrome]]>
              </value>
            </param>
          </params>
          <reporter-output>
          </reporter-output>
        </test-method> <!-- setUp -->
        <test-method signature="testBookingBydataDriven(java.lang.String,java.lang.String,java.lang.String,java.lang.String,java.lang.String,java.lang.String,java.lang.String,java.lang.String,java.lang.String,java.lang.String)[pri:0, instance:com.blazedemo.tests.TC04FlightBookingDataDrivenTest@c4ed84]" started-at="2026-02-25T22:31:33 IST" name="testBookingBydataDriven" data-provider="PassengerDetail" finished-at="2026-02-25T22:31:39 IST" duration-ms="6006" status="PASS">
          <params>
            <param index="0">
              <value>
                <![CDATA[Alice]]>
              </value>
            </param>
            <param index="1">
              <value>
                <![CDATA[Sohna]]>
              </value>
            </param>
            <param index="2">
              <value>
                <![CDATA[Gurugram]]>
              </value>
            </param>
            <param index="3">
              <value>
                <![CDATA[Haryana]]>
              </value>
            </param>
            <param index="4">
              <value>
                <![CDATA[341209]]>
              </value>
            </param>
            <param index="5">
              <value>
                <![CDATA[Visa]]>
              </value>
            </param>
            <param index="6">
              <value>
                <![CDATA[67548202767]]>
              </value>
            </param>
            <param index="7">
              <value>
                <![CDATA[9]]>
              </value>
            </param>
            <param index="8">
              <value>
                <![CDATA[2028]]>
              </value>
            </param>
            <param index="9">
              <value>
                <![CDATA[Alice]]>
              </value>
            </param>
          </params>
          <reporter-output>
          </reporter-output>
        </test-method> <!-- testBookingBydataDriven -->
        <test-method is-config="true" signature="tearDown()[pri:0, instance:com.blazedemo.tests.TC04FlightBookingDataDrivenTest@c4ed84]" started-at="2026-02-25T22:31:39 IST" name="tearDown" finished-at="2026-02-25T22:31:39 IST" duration-ms="232" status="PASS">
          <reporter-output>
          </reporter-output>
        </test-method> <!-- tearDown -->
        <test-method is-config="true" signature="setUp(java.lang.String,java.lang.String)[pri:0, instance:com.blazedemo.tests.TC04FlightBookingDataDrivenTest@c4ed84]" started-at="2026-02-25T22:31:39 IST" name="setUp" finished-at="2026-02-25T22:31:42 IST" duration-ms="3179" status="PASS">
          <params>
            <param index="0">
              <value>
                <![CDATA[Windows]]>
              </value>
            </param>
            <param index="1">
              <value>
                <![CDATA[chrome]]>
              </value>
            </param>
          </params>
          <reporter-output>
          </reporter-output>
        </test-method> <!-- setUp -->
        <test-method signature="testBookingBydataDriven(java.lang.String,java.lang.String,java.lang.String,java.lang.String,java.lang.String,java.lang.String,java.lang.String,java.lang.String,java.lang.String,java.lang.String)[pri:0, instance:com.blazedemo.tests.TC04FlightBookingDataDrivenTest@c4ed84]" started-at="2026-02-25T22:31:42 IST" name="testBookingBydataDriven" data-provider="PassengerDetail" finished-at="2026-02-25T22:31:48 IST" duration-ms="5914" status="PASS">
          <params>
            <param index="0">
              <value>
                <![CDATA[Macron]]>
              </value>
            </param>
            <param index="1">
              <value>
                <![CDATA[Rohtak]]>
              </value>
            </param>
            <param index="2">
              <value>
                <![CDATA[Gurugram]]>
              </value>
            </param>
            <param index="3">
              <value>
                <![CDATA[Haryana]]>
              </value>
            </param>
            <param index="4">
              <value>
                <![CDATA[678956]]>
              </value>
            </param>
            <param index="5">
              <value>
                <![CDATA[Diner's Club]]>
              </value>
            </param>
            <param index="6">
              <value>
                <![CDATA[45346789016]]>
              </value>
            </param>
            <param index="7">
              <value>
                <![CDATA[12]]>
              </value>
            </param>
            <param index="8">
              <value>
                <![CDATA[2029]]>
              </value>
            </param>
            <param index="9">
              <value>
                <![CDATA[Emanual]]>
              </value>
            </param>
          </params>
          <reporter-output>
          </reporter-output>
        </test-method> <!-- testBookingBydataDriven -->
        <test-method is-config="true" signature="tearDown()[pri:0, instance:com.blazedemo.tests.TC04FlightBookingDataDrivenTest@c4ed84]" started-at="2026-02-25T22:31:48 IST" name="tearDown" finished-at="2026-02-25T22:31:49 IST" duration-ms="252" status="PASS">
          <reporter-output>
          </reporter-output>
        </test-method> <!-- tearDown -->
      </class> <!-- com.blazedemo.tests.TC04FlightBookingDataDrivenTest -->
      <class name="com.blazedemo.tests.FlightBookingTest">
        <test-method is-config="true" signature="setUp(java.lang.String,java.lang.String)[pri:0, instance:com.blazedemo.tests.FlightBookingTest@550a1967]" started-at="2026-02-25T22:30:42 IST" name="setUp" finished-at="2026-02-25T22:30:52 IST" duration-ms="9948" status="PASS">
          <params>
            <param index="0">
              <value>
                <![CDATA[Windows]]>
              </value>
            </param>
            <param index="1">
              <value>
                <![CDATA[chrome]]>
              </value>
            </param>
          </params>
          <reporter-output>
          </reporter-output>
        </test-method> <!-- setUp -->
        <test-method signature="bookFlight()[pri:0, instance:com.blazedemo.tests.FlightBookingTest@550a1967]" started-at="2026-02-25T22:30:52 IST" name="bookFlight" finished-at="2026-02-25T22:30:58 IST" duration-ms="5919" status="PASS">
          <reporter-output>
          </reporter-output>
        </test-method> <!-- bookFlight -->
        <test-method is-config="true" signature="tearDown()[pri:0, instance:com.blazedemo.tests.FlightBookingTest@550a1967]" started-at="2026-02-25T22:30:58 IST" name="tearDown" finished-at="2026-02-25T22:31:00 IST" duration-ms="1977" status="PASS">
          <reporter-output>
          </reporter-output>
        </test-method> <!-- tearDown -->
      </class> <!-- com.blazedemo.tests.FlightBookingTest -->
      <class name="com.blazedemo.tests.TC03CompleteFlightBooking">
        <test-method is-config="true" signature="setUp(java.lang.String,java.lang.String)[pri:0, instance:com.blazedemo.tests.TC03CompleteFlightBooking@5f9678e1]" started-at="2026-02-25T22:31:08 IST" name="setUp" finished-at="2026-02-25T22:31:11 IST" duration-ms="2854" status="PASS">
          <params>
            <param index="0">
              <value>
                <![CDATA[Windows]]>
              </value>
            </param>
            <param index="1">
              <value>
                <![CDATA[chrome]]>
              </value>
            </param>
          </params>
          <reporter-output>
          </reporter-output>
        </test-method> <!-- setUp -->
        <test-method signature="testcompleteBooking()[pri:0, instance:com.blazedemo.tests.TC03CompleteFlightBooking@5f9678e1]" started-at="2026-02-25T22:31:11 IST" name="testcompleteBooking" finished-at="2026-02-25T22:31:17 IST" duration-ms="5962" status="PASS">
          <reporter-output>
          </reporter-output>
        </test-method> <!-- testcompleteBooking -->
        <test-method is-config="true" signature="tearDown()[pri:0, instance:com.blazedemo.tests.TC03CompleteFlightBooking@5f9678e1]" started-at="2026-02-25T22:31:17 IST" name="tearDown" finished-at="2026-02-25T22:31:17 IST" duration-ms="238" status="PASS">
          <reporter-output>
          </reporter-output>
        </test-method> <!-- tearDown -->
      </class> <!-- com.blazedemo.tests.TC03CompleteFlightBooking -->
      <class name="com.blazedemo.tests.TC02SearchFlightWithValidCities">
        <test-method is-config="true" signature="setUp(java.lang.String,java.lang.String)[pri:0, instance:com.blazedemo.tests.TC02SearchFlightWithValidCities@373ebf74]" started-at="2026-02-25T22:31:03 IST" name="setUp" finished-at="2026-02-25T22:31:06 IST" duration-ms="2430" status="PASS">
          <params>
            <param index="0">
              <value>
                <![CDATA[Windows]]>
              </value>
            </param>
            <param index="1">
              <value>
                <![CDATA[chrome]]>
              </value>
            </param>
          </params>
          <reporter-output>
          </reporter-output>
        </test-method> <!-- setUp -->
        <test-method signature="searchFlightTest()[pri:0, instance:com.blazedemo.tests.TC02SearchFlightWithValidCities@373ebf74]" started-at="2026-02-25T22:31:06 IST" name="searchFlightTest" finished-at="2026-02-25T22:31:08 IST" duration-ms="1833" status="PASS">
          <reporter-output>
          </reporter-output>
        </test-method> <!-- searchFlightTest -->
        <test-method is-config="true" signature="tearDown()[pri:0, instance:com.blazedemo.tests.TC02SearchFlightWithValidCities@373ebf74]" started-at="2026-02-25T22:31:08 IST" name="tearDown" finished-at="2026-02-25T22:31:08 IST" duration-ms="223" status="PASS">
          <reporter-output>
          </reporter-output>
        </test-method> <!-- tearDown -->
      </class> <!-- com.blazedemo.tests.TC02SearchFlightWithValidCities -->
      <class name="com.blazedemo.tests.TC06InvalidCreditCardCharacter">
        <test-method is-config="true" signature="setUp(java.lang.String,java.lang.String)[pri:0, instance:com.blazedemo.tests.TC06InvalidCreditCardCharacter@5a9d6f02]" started-at="2026-02-25T22:32:09 IST" name="setUp" finished-at="2026-02-25T22:32:12 IST" duration-ms="2969" status="PASS">
          <params>
            <param index="0">
              <value>
                <![CDATA[Windows]]>
              </value>
            </param>
            <param index="1">
              <value>
                <![CDATA[chrome]]>
              </value>
            </param>
          </params>
          <reporter-output>
          </reporter-output>
        </test-method> <!-- setUp -->
        <test-method signature="testInvalidCardCharaters()[pri:0, instance:com.blazedemo.tests.TC06InvalidCreditCardCharacter@5a9d6f02]" started-at="2026-02-25T22:32:12 IST" name="testInvalidCardCharaters" finished-at="2026-02-25T22:32:18 IST" duration-ms="5478" status="FAIL">
          <exception class="java.lang.AssertionError">
            <message>
              <![CDATA[BUG: Booking succeeded even with invalid card Charaters expected [false] but found [true]]]>
            </message>
            <full-stacktrace>
              <![CDATA[java.lang.AssertionError: BUG: Booking succeeded even with invalid card Charaters expected [false] but found [true]
at org.testng.Assert.fail(Assert.java:111)
at org.testng.Assert.failNotEquals(Assert.java:1590)
at org.testng.Assert.assertFalse(Assert.java:79)
at com.blazedemo.tests.TC06InvalidCreditCardCharacter.testInvalidCardCharaters(TC06InvalidCreditCardCharacter.java:56)
at java.base/jdk.internal.reflect.DirectMethodHandleAccessor.invoke(DirectMethodHandleAccessor.java:103)
at java.base/java.lang.reflect.Method.invoke(Method.java:580)
at org.testng.internal.invokers.MethodInvocationHelper.invokeMethod(MethodInvocationHelper.java:141)
at org.testng.internal.invokers.TestInvoker.invokeMethod(TestInvoker.java:687)
at org.testng.internal.invokers.TestInvoker.invokeTestMethod(TestInvoker.java:230)
at org.testng.internal.invokers.MethodRunner.runInSequence(MethodRunner.java:63)
at org.testng.internal.invokers.TestInvoker$MethodInvocationAgent.invoke(TestInvoker.java:995)
at org.testng.internal.invokers.TestInvoker.invokeTestMethods(TestInvoker.java:203)
at org.testng.internal.invokers.TestMethodWorker.invokeTestMethods(TestMethodWorker.java:154)
at org.testng.internal.invokers.TestMethodWorker.run(TestMethodWorker.java:134)
at java.base/java.util.ArrayList.forEach(ArrayList.java:1596)
at org.testng.TestRunner.privateRun(TestRunner.java:741)
at org.testng.TestRunner.run(TestRunner.java:616)
at org.testng.SuiteRunner.runTest(SuiteRunner.java:421)
at org.testng.SuiteRunner.runSequentially(SuiteRunner.java:413)
at org.testng.SuiteRunner.privateRun(SuiteRunner.java:373)
at org.testng.SuiteRunner.run(SuiteRunner.java:312)
at org.testng.SuiteRunnerWorker.runSuite(SuiteRunnerWorker.java:52)
at org.testng.SuiteRunnerWorker.run(SuiteRunnerWorker.java:95)
at org.testng.TestNG.runSuitesSequentially(TestNG.java:1274)
at org.testng.TestNG.runSuitesLocally(TestNG.java:1208)
at org.testng.TestNG.runSuites(TestNG.java:1112)
at org.testng.TestNG.run(TestNG.java:1079)
at org.testng.remote.AbstractRemoteTestNG.run(AbstractRemoteTestNG.java:115)
at org.testng.remote.RemoteTestNG.initAndRun(RemoteTestNG.java:293)
at org.testng.remote.RemoteTestNG.main(RemoteTestNG.java:91)
]]>
            </full-stacktrace>
          </exception> <!-- java.lang.AssertionError -->
          <reporter-output>
          </reporter-output>
        </test-method> <!-- testInvalidCardCharaters -->
        <test-method is-config="true" signature="tearDown()[pri:0, instance:com.blazedemo.tests.TC06InvalidCreditCardCharacter@5a9d6f02]" started-at="2026-02-25T22:32:18 IST" name="tearDown" finished-at="2026-02-25T22:32:18 IST" duration-ms="197" status="PASS">
          <reporter-output>
          </reporter-output>
        </test-method> <!-- tearDown -->
      </class> <!-- com.blazedemo.tests.TC06InvalidCreditCardCharacter -->
      <class name="com.blazedemo.tests.TC05BlankCreditCard">
        <test-method is-config="true" signature="setUp(java.lang.String,java.lang.String)[pri:0, instance:com.blazedemo.tests.TC05BlankCreditCard@189aa67a]" started-at="2026-02-25T22:31:49 IST" name="setUp" finished-at="2026-02-25T22:31:53 IST" duration-ms="4752" status="PASS">
          <params>
            <param index="0">
              <value>
                <![CDATA[Windows]]>
              </value>
            </param>
            <param index="1">
              <value>
                <![CDATA[chrome]]>
              </value>
            </param>
          </params>
          <reporter-output>
          </reporter-output>
        </test-method> <!-- setUp -->
        <test-method signature="testBlankCreditcard()[pri:0, instance:com.blazedemo.tests.TC05BlankCreditCard@189aa67a]" started-at="2026-02-25T22:31:53 IST" name="testBlankCreditcard" finished-at="2026-02-25T22:32:09 IST" duration-ms="15600" status="FAIL">
          <exception class="java.lang.AssertionError">
            <message>
              <![CDATA[BUG: Booking succeeded even with blank credit card details expected [false] but found [true]]]>
            </message>
            <full-stacktrace>
              <![CDATA[java.lang.AssertionError: BUG: Booking succeeded even with blank credit card details expected [false] but found [true]
at org.testng.Assert.fail(Assert.java:111)
at org.testng.Assert.failNotEquals(Assert.java:1590)
at org.testng.Assert.assertFalse(Assert.java:79)
at com.blazedemo.tests.TC05BlankCreditCard.testBlankCreditcard(TC05BlankCreditCard.java:56)
at java.base/jdk.internal.reflect.DirectMethodHandleAccessor.invoke(DirectMethodHandleAccessor.java:103)
at java.base/java.lang.reflect.Method.invoke(Method.java:580)
at org.testng.internal.invokers.MethodInvocationHelper.invokeMethod(MethodInvocationHelper.java:141)
at org.testng.internal.invokers.TestInvoker.invokeMethod(TestInvoker.java:687)
at org.testng.internal.invokers.TestInvoker.invokeTestMethod(TestInvoker.java:230)
at org.testng.internal.invokers.MethodRunner.runInSequence(MethodRunner.java:63)
at org.testng.internal.invokers.TestInvoker$MethodInvocationAgent.invoke(TestInvoker.java:995)
at org.testng.internal.invokers.TestInvoker.invokeTestMethods(TestInvoker.java:203)
at org.testng.internal.invokers.TestMethodWorker.invokeTestMethods(TestMethodWorker.java:154)
at org.testng.internal.invokers.TestMethodWorker.run(TestMethodWorker.java:134)
at java.base/java.util.ArrayList.forEach(ArrayList.java:1596)
at org.testng.TestRunner.privateRun(TestRunner.java:741)
at org.testng.TestRunner.run(TestRunner.java:616)
at org.testng.SuiteRunner.runTest(SuiteRunner.java:421)
at org.testng.SuiteRunner.runSequentially(SuiteRunner.java:413)
at org.testng.SuiteRunner.privateRun(SuiteRunner.java:373)
at org.testng.SuiteRunner.run(SuiteRunner.java:312)
at org.testng.SuiteRunnerWorker.runSuite(SuiteRunnerWorker.java:52)
at org.testng.SuiteRunnerWorker.run(SuiteRunnerWorker.java:95)
at org.testng.TestNG.runSuitesSequentially(TestNG.java:1274)
at org.testng.TestNG.runSuitesLocally(TestNG.java:1208)
at org.testng.TestNG.runSuites(TestNG.java:1112)
at org.testng.TestNG.run(TestNG.java:1079)
at org.testng.remote.AbstractRemoteTestNG.run(AbstractRemoteTestNG.java:115)
at org.testng.remote.RemoteTestNG.initAndRun(RemoteTestNG.java:293)
at org.testng.remote.RemoteTestNG.main(RemoteTestNG.java:91)
]]>
            </full-stacktrace>
          </exception> <!-- java.lang.AssertionError -->
          <reporter-output>
          </reporter-output>
        </test-method> <!-- testBlankCreditcard -->
        <test-method is-config="true" signature="tearDown()[pri:0, instance:com.blazedemo.tests.TC05BlankCreditCard@189aa67a]" started-at="2026-02-25T22:32:09 IST" name="tearDown" finished-at="2026-02-25T22:32:09 IST" duration-ms="228" status="PASS">
          <reporter-output>
          </reporter-output>
        </test-method> <!-- tearDown -->
      </class> <!-- com.blazedemo.tests.TC05BlankCreditCard -->
    </test> <!-- Test -->
  </suite> <!-- Suite -->
</testng-results>
