<?xml version="1.0" encoding="UTF-8"?>
<!-- Generated by org.testng.reporters.JUnitReportReporter -->
<testsuite hostname="DESKTOP-1MD18DL" failures="0" tests="1" name="com.blazedemo.tests.TC01VerifyHomePageLoadsAndDropdownVisible" time="3.382" errors="0" timestamp="2026-02-25T22:32:22 IST" skipped="0">
  <testcase classname="com.blazedemo.tests.TC01VerifyHomePageLoadsAndDropdownVisible" name="testHomePageLoadsAndDropdownVisible" time="3.382"/>
</testsuite> <!-- com.blazedemo.tests.TC01VerifyHomePageLoadsAndDropdownVisible -->
