<?xml version="1.0" encoding="UTF-8"?>
<!-- Generated by org.testng.reporters.JUnitReportReporter -->
<testsuite hostname="DESKTOP-1MD18DL" failures="0" tests="3" name="com.blazedemo.tests.FlightBookingDataDrivenTest" time="25.532" errors="0" timestamp="2026-02-15T22:35:38 IST" skipped="0">
  <testcase classname="com.blazedemo.tests.FlightBookingDataDrivenTest" name="testBookingBydataDriven" time="8.803"/>
  <testcase classname="com.blazedemo.tests.FlightBookingDataDrivenTest" name="testBookingBydataDriven" time="8.333"/>
  <testcase classname="com.blazedemo.tests.FlightBookingDataDrivenTest" name="testBookingBydataDriven" time="8.396"/>
</testsuite> <!-- com.blazedemo.tests.FlightBookingDataDrivenTest -->
