<?xml version="1.0" encoding="UTF-8"?>
<!-- Generated by org.testng.reporters.JUnitReportReporter -->
<testsuite hostname="DESKTOP-1MD18DL" failures="0" tests="3" name="com.blazedemo.tests.TC04FlightBookingDataDrivenTest" time="27.194" errors="0" timestamp="2026-02-19T16:10:33 IST" skipped="0">
  <testcase classname="com.blazedemo.tests.TC04FlightBookingDataDrivenTest" name="testBookingBydataDriven" time="8.076"/>
  <testcase classname="com.blazedemo.tests.TC04FlightBookingDataDrivenTest" name="testBookingBydataDriven" time="10.813"/>
  <testcase classname="com.blazedemo.tests.TC04FlightBookingDataDrivenTest" name="testBookingBydataDriven" time="8.305"/>
</testsuite> <!-- com.blazedemo.tests.TC04FlightBookingDataDrivenTest -->
