<?xml version="1.0" encoding="UTF-8"?>
<!-- Generated by org.testng.reporters.JUnitReportReporter -->
<testsuite hostname="DESKTOP-1MD18DL" failures="0" tests="3" name="com.blazedemo.tests.TC04FlightBookingDataDrivenTest" time="29.440" errors="0" timestamp="2026-02-25T22:32:22 IST" skipped="0">
  <testcase classname="com.blazedemo.tests.TC04FlightBookingDataDrivenTest" name="testBookingBydataDriven" time="11.872"/>
  <testcase classname="com.blazedemo.tests.TC04FlightBookingDataDrivenTest" name="testBookingBydataDriven" time="9.325"/>
  <testcase classname="com.blazedemo.tests.TC04FlightBookingDataDrivenTest" name="testBookingBydataDriven" time="8.243"/>
</testsuite> <!-- com.blazedemo.tests.TC04FlightBookingDataDrivenTest -->
